1                                        The SAS System        21:25 Thursday, September 7, 2023

WARNING: One or more libraries specified in the concatenated library SASHELP 
WARNING: do not exist.  These libraries were removed from the concatenation.
NOTE: Copyright (c) 2016 by SAS Institute Inc., Cary, NC, USA. 
NOTE: SAS (r) Proprietary Software 9.4 (TS1M7) 
      Licensed to UNIVERSITY OF NORTH CAROLINA CHAPEL HILL - SFA T&R, Site 70022629.
NOTE: This session is executing on the W32_10PRO  platform.



NOTE: Analytical products:
      
      SAS/STAT 15.2
      SAS/ETS 15.2
      SAS/OR 15.2
      SAS/IML 15.2
      SAS/QC 15.2

NOTE: Additional host information:

 W32_10PRO WIN 10.0.19041  Workstation

NOTE: SAS initialization used:
      real time           0.51 seconds
      cpu time            0.18 seconds
      

NOTE: AUTOEXEC processing beginning; file is c:\progs\cmd\autoexec.sas.


NOTE: AUTOEXEC processing completed.

1          %let progname = g008.sas;
2          ods pdf file = "g008.pdf"  style=styles.journal;
NOTE: Writing ODS PDF output to DISK destination "C:\prj\TRACS\Gillette\g008.pdf", 
      printer "PDF".
3          
4          * input: ma_data2.csv
5          * does: - Fixed effects analysis of odds ratios in a set of 2*2 tables
6                    Loglinear model, heterogeniety of odds ratios test
7                    No 0 margins and n>=20
8          *********************************************;
9          libname X "";
NOTE: Libref X was successfully assigned as follows: 
      Engine:        V9 
      Physical Name: C:\prj\TRACS\Gillette\
10         title "&progname: No 0 margins and n>=20, loglinear model (fixed effects)";
11         %let csv = ma_data2.csv;
12         *********************************************;
13         
14         title2 "&csv";
15         proc import datafile="&csv" out=A replace;
16           guessingrows =  max;
17           run;

18          /**********************************************************************
19          *   PRODUCT:   SAS
20          *   VERSION:   9.4
21          *   CREATOR:   External File Interface
22          *   DATE:      07SEP23
23          *   DESC:      Generated SAS Datastep Code
24          *   TEMPLATE SOURCE:  (None Specified.)
25          ***********************************************************************/
26             data WORK.A    ;
2 The SAS System                                              21:25 Thursday, September 7, 2023

27             %let _EFIERR_ = 0; /* set the ERROR detection macro variable */
28             infile 'ma_data2.csv' delimiter = ',' MISSOVER DSD lrecl=32767 firstobs=2 ;
29                informat id $16. ;
30                informat modality best32. ;
31                informat modality_type best32. ;
32                informat a best32. ;
33                informat b best32. ;
34                informat c best32. ;
35                informat d best32. ;
36                format id $16. ;
37                format modality best12. ;
38                format modality_type best12. ;
39                format a best12. ;
40                format b best12. ;
41                format c best12. ;
42                format d best12. ;
43             input
44                         id  $
45                         modality
46                         modality_type
47                         a
48                         b
49                         c
50                         d
51             ;
52             if _ERROR_ then call symputx('_EFIERR_',1);  /* set ERROR detection macro
52       ! variable */
53             run;

NOTE: The infile 'ma_data2.csv' is:
      Filename=C:\prj\TRACS\Gillette\ma_data2.csv,
      RECFM=V,LRECL=32767,File Size (bytes)=684,
      Last Modified=27Jan2023:21:40:54,
      Create Time=25Jan2023:15:33:50

NOTE: 25 records were read from the infile 'ma_data2.csv'.
      The minimum record length was 20.
      The maximum record length was 29.
NOTE: The data set WORK.A has 25 observations and 7 variables.
NOTE: DATA statement used (Total process time):
      real time           0.01 seconds
      cpu time            0.01 seconds
      

25 rows created in WORK.A from ma_data2.csv.
  
  
  
NOTE: WORK.A data set was successfully created.
NOTE: The data set WORK.A has 25 observations and 7 variables.
NOTE: PROCEDURE IMPORT used (Total process time):
      real time           0.09 seconds
      cpu time            0.09 seconds
      

54         
55         
56         data A;
57           set A (rename=(a=y11 b=y10 c=y01 d=y00)); * rows=rsfMRI, cols=comparative;
58         
59           n = y00 + y01 + y10 + y11;
60           y0d = y00 + y01;
61           yd0 = y00 + y10;
3 The SAS System                                              21:25 Thursday, September 7, 2023

62           y1d = y10 + y11;
63           yd1 = y01 + y11;
64         
65           if ( 5 = modality) then modality = 1; else
66           if (14 = modality) then modality = 4;
67           label modality = "Modality (0/1/2/3/4)";
68         
69           zero_margins = (0 = y0d) + (0 = y1d) + (0 = yd0) + (0 = yd1);
70           if (n >= 20 and 0 = zero_margins);
71           label zero_margins = "Number of zero margins";
72         
73           label y11 = "a";
74           label y10 = "b";
75           label y01 = "c";
76           label y00 = "d";
77         
78           run;

NOTE: There were 25 observations read from the data set WORK.A.
NOTE: The data set WORK.A has 7 observations and 13 variables.
NOTE: DATA statement used (Total process time):
      real time           0.00 seconds
      cpu time            0.01 seconds
      

79         
80         
81         proc sort data=A; by n id; run;

NOTE: There were 7 observations read from the data set WORK.A.
NOTE: The data set WORK.A has 7 observations and 13 variables.
NOTE: PROCEDURE SORT used (Total process time):
      real time           0.01 seconds
      cpu time            0.01 seconds
      

82         title2 "Sorted by n";
83         proc print    data=A;
84           var  id y00 y01 y10 y11 n zero_margins modality;
85           sum     y00 y01 y10 y11 n;
86           run;

NOTE: There were 7 observations read from the data set WORK.A.
NOTE: The PROCEDURE PRINT printed page 1.
NOTE: PROCEDURE PRINT used (Total process time):
      real time           0.03 seconds
      cpu time            0.03 seconds
      

87         *********************************************;
88         
89         %macro m(a, b, c, d, row, col);
90           count = &a; &row=1; &col=1; output;
91           count = &b; &row=1; &col=2; output;
92           count = &c; &row=2; &col=1; output;
93           count = &d; &row=2; &col=2; output;
94         %mend;
95         
96         data A;
97           set A;
98           %m(y00, y01, y10, y11, rsfMRI, compar);
99           keep  id n rsfMRI compar count modality;
100          label id = "Study ID";
4 The SAS System                                              21:25 Thursday, September 7, 2023

101          label n  = "Sample size";
102          label rsfMRI =  "rsfMRI (1=-, 2=+)";
103          label compar =  "Comparative (1=-, 2=+)";
104          run;

NOTE: There were 7 observations read from the data set WORK.A.
NOTE: The data set WORK.A has 28 observations and 6 variables.
NOTE: DATA statement used (Total process time):
      real time           0.00 seconds
      cpu time            0.00 seconds
      

105        
106        proc contents data = A order=varnum noprint out=C(rename= name=variable); run;

NOTE: The data set WORK.C has 6 observations and 41 variables.
NOTE: PROCEDURE CONTENTS used (Total process time):
      real time           0.01 seconds
      cpu time            0.00 seconds
      

107        title2 "Variables";
108        proc print data=C; var label; id variable; run;

NOTE: There were 6 observations read from the data set WORK.C.
NOTE: The PROCEDURE PRINT printed page 2.
NOTE: PROCEDURE PRINT used (Total process time):
      real time           0.00 seconds
      cpu time            0.00 seconds
      

109        
110        
111        
112        title2 "1. Log(odds ratio): 0";
113        proc genmod data=A;
114          class id rsfmri compar;
115          model count =  id|rsfmri id|compar / d=p;
116          run;

NOTE: Algorithm converged.
NOTE: The scale parameter was held fixed.
NOTE: The PROCEDURE GENMOD printed pages 3-5.
NOTE: PROCEDURE GENMOD used (Total process time):
      real time           0.04 seconds
      cpu time            0.03 seconds
      

117        
118        title2 "2. Log(odds ratio): 1";
119        proc genmod data=A;
120          class id rsfmri compar;
121          model count =  id|rsfmri id|compar rsfmri|compar / d=p;
122          run;

NOTE: Algorithm converged.
NOTE: The scale parameter was held fixed.
NOTE: The PROCEDURE GENMOD printed pages 6-8.
NOTE: PROCEDURE GENMOD used (Total process time):
      real time           0.04 seconds
      cpu time            0.03 seconds
      

5 The SAS System                                              21:25 Thursday, September 7, 2023

123        
124        title2 "3. Log(odds ratio): 1+modality";
125        proc genmod data=A;
126          class id rsfmri compar modality;
127          model count =  id|rsfmri id|compar rsfmri|compar|modality / d=p;
128          run;

NOTE: Algorithm converged.
NOTE: The scale parameter was held fixed.
NOTE: The PROCEDURE GENMOD printed pages 9-12.
NOTE: PROCEDURE GENMOD used (Total process time):
      real time           0.09 seconds
      cpu time            0.04 seconds
      

129        
130        title2 "4. Log(odds ratio): 1+id";
131        proc genmod data=A;
132          class id rsfmri compar modality;
133          model count =  id|rsfmri|compar / d=p;
134          run;

NOTE: Fitting saturated model. Scale will not be estimated.
NOTE: Algorithm converged.
NOTE: The scale parameter was held fixed.
NOTE: The PROCEDURE GENMOD printed pages 13-16.
NOTE: PROCEDURE GENMOD used (Total process time):
      real time           0.05 seconds
      cpu time            0.04 seconds
      

135        

NOTE: SAS Institute Inc., SAS Campus Drive, Cary, NC USA 27513-2414
NOTE: The SAS System used:
      real time           1.15 seconds
      cpu time            0.68 seconds
      
g008.sas: No 0 margins and n>=20, loglinear model (fixed effects)                             1
Sorted by n                                                   21:25 Thursday, September 7, 2023

                                                                           z
                                                                           e
                                                                           r
                                                                           o
                                                                           _       m
                                                                           m       o
                                                                           a       d
                                                                           r       a
                                                                           g       l
O                        y            y            y            y          i       i
b        i               0            0            1            1          n       t
s        d               0            1            0            1       n  s       y

1 Lee 2014                    1            5            2           21  29 0            3
2 Reyes 2016                  0            3            3           28  34 0            1
3 Boerwinkle 2017             0            2            7           27  36 0            4
4 Chen 2017                   4            6            2           30  42 0            0
5 Bettus 2010                12            6           10           16  44 0            1
6 Khoo 2019                  18            7            8           16  49 0            3
7 Boerwinkle 2019            38            1            3           22  64 0            4
                   ============ ============ ============ ============ ===
                             73           30           35          160 298               
g008.sas: No 0 margins and n>=20, loglinear model (fixed effects)                             2
Variables                                                     21:25 Thursday, September 7, 2023

variable    LABEL

compar      Comparative (1=-, 2=+)
count                             
id          Study ID              
modality    Modality (0/1/2/3/4)  
n           Sample size           
rsfMRI      rsfMRI (1=-, 2=+)     
g008.sas: No 0 margins and n>=20, loglinear model (fixed effects)                             3
1. Log(odds ratio): 0                                         21:25 Thursday, September 7, 2023

The GENMOD Procedure

      Model Information

Data Set               WORK.A
Distribution          Poisson
Link Function             Log
Dependent Variable      count


Number of Observations Read          28
Number of Observations Used          28


                        Class Level Information
 
Class       Levels    Values

id               7    Bettus 2010 Boerwinkle 2017 Boerwinkle 2019 Chen  
                      2017 Khoo 2019 Lee 2014 Reyes 2016                
rsfMRI           2    1 2                                               
compar           2    1 2                                               


             Criteria For Assessing Goodness Of Fit
 
Criterion                     DF           Value        Value/DF

Deviance                       7         74.7190         10.6741
Scaled Deviance                7         74.7190         10.6741
Pearson Chi-Square             7         67.2790          9.6113
Scaled Pearson X2              7         67.2790          9.6113
Log Likelihood                          505.7443                
Full Log Likelihood                     -87.2452                
AIC (smaller is better)                 216.4903                
AICC (smaller is better)                370.4903                
BIC (smaller is better)                 244.4666                


Algorithm converged.                                                       


                     Analysis Of Maximum Likelihood Parameter Estimates
 
                                                  Standard   Wald 95% Confidence         Wald
Parameter                         DF   Estimate      Error          Limits         Chi-Square

Intercept                          1     3.3416     0.1874     2.9744     3.7088       318.09
id          Bettus 2010            1    -0.7767     0.3103    -1.3849    -0.1685         6.26
id          Boerwinkle 2017        1    -0.0315     0.2669    -0.5545     0.4916         0.01
id          Boerwinkle 2019        1    -1.1461     0.3209    -1.7750    -0.5172        12.76

       Analysis Of Maximum Likelihood
            Parameter Estimates
 
Parameter                         Pr > ChiSq

Intercept                             <.0001
id          Bettus 2010               0.0123
id          Boerwinkle 2017           0.9061
id          Boerwinkle 2019           0.0004
g008.sas: No 0 margins and n>=20, loglinear model (fixed effects)                             4
1. Log(odds ratio): 0                                         21:25 Thursday, September 7, 2023

The GENMOD Procedure

                     Analysis Of Maximum Likelihood Parameter Estimates
 
                                                  Standard   Wald 95% Confidence         Wald
Parameter                         DF   Estimate      Error          Limits         Chi-Square

id          Chen 2017              1    -0.0300     0.2652    -0.5498     0.4897         0.01
id          Khoo 2019              1    -0.9199     0.3160    -1.5392    -0.3006         8.48
id          Lee 2014               1    -0.3153     0.2873    -0.8785     0.2478         1.20
id          Reyes 2016             0     0.0000     0.0000     0.0000     0.0000          .  
rsfMRI      1                      1    -2.3354     0.6046    -3.5205    -1.1503        14.92
rsfMRI      2                      0     0.0000     0.0000     0.0000     0.0000          .  
id*rsfMRI   Bettus 2010       1    1     1.9677     0.6779     0.6389     3.2964         8.42
id*rsfMRI   Bettus 2010       2    0     0.0000     0.0000     0.0000     0.0000          .  
id*rsfMRI   Boerwinkle 2017   1    1    -0.4978     0.9460    -2.3521     1.3564         0.28
id*rsfMRI   Boerwinkle 2017   2    0     0.0000     0.0000     0.0000     0.0000          .  
id*rsfMRI   Boerwinkle 2019   1    1     2.7801     0.6567     1.4930     4.0671        17.92
id*rsfMRI   Boerwinkle 2019   2    0     0.0000     0.0000     0.0000     0.0000          .  
id*rsfMRI   Chen 2017         1    1     1.1722     0.7049    -0.2093     2.5537         2.77
id*rsfMRI   Chen 2017         2    0     0.0000     0.0000     0.0000     0.0000          .  
id*rsfMRI   Khoo 2019         1    1     2.3762     0.6688     1.0654     3.6870        12.62
id*rsfMRI   Khoo 2019         2    0     0.0000     0.0000     0.0000     0.0000          .  
id*rsfMRI   Lee 2014          1    1     0.9916     0.7588    -0.4955     2.4788         1.71
id*rsfMRI   Lee 2014          2    0     0.0000     0.0000     0.0000     0.0000          .  
id*rsfMRI   Reyes 2016        1    0     0.0000     0.0000     0.0000     0.0000          .  
id*rsfMRI   Reyes 2016        2    0     0.0000     0.0000     0.0000     0.0000          .  
compar      1                      1    -2.3354     0.6046    -3.5205    -1.1503        14.92
compar      2                      0     0.0000     0.0000     0.0000     0.0000          .  
id*compar   Bettus 2010       1    1     2.3354     0.6756     1.0111     3.6596        11.95
id*compar   Bettus 2010       2    0     0.0000     0.0000     0.0000     0.0000          .  
id*compar   Boerwinkle 2017   1    1     0.9140     0.7368    -0.5302     2.3582         1.54
id*compar   Boerwinkle 2017   2    0     0.0000     0.0000     0.0000     0.0000          .  
id*compar   Boerwinkle 2019   1    1     2.9135     0.6584     1.6231     4.2038        19.58
id*compar   Boerwinkle 2019   2    0     0.0000     0.0000     0.0000     0.0000          .  
id*compar   Chen 2017         1    1     0.5436     0.7484    -0.9231     2.0104         0.53
id*compar   Chen 2017         2    0     0.0000     0.0000     0.0000     0.0000          .  
id*compar   Khoo 2019         1    1     2.4580     0.6690     1.1468     3.7691        13.50
id*compar   Khoo 2019         2    0     0.0000     0.0000     0.0000     0.0000          .  
id*compar   Lee 2014          1    1     0.1759     0.8587    -1.5072     1.8589         0.04
id*compar   Lee 2014          2    0     0.0000     0.0000     0.0000     0.0000          .  
id*compar   Reyes 2016        1    0     0.0000     0.0000     0.0000     0.0000          .  
id*compar   Reyes 2016        2    0     0.0000     0.0000     0.0000     0.0000          .  
Scale                              0     1.0000     0.0000     1.0000     1.0000             

       Analysis Of Maximum Likelihood
            Parameter Estimates
 
Parameter                         Pr > ChiSq

id          Chen 2017                 0.9098
id          Khoo 2019                 0.0036
id          Lee 2014                  0.2725
id          Reyes 2016                 .    
rsfMRI      1                         0.0001
rsfMRI      2                          .    
id*rsfMRI   Bettus 2010       1       0.0037
id*rsfMRI   Bettus 2010       2        .    
id*rsfMRI   Boerwinkle 2017   1       0.5987
id*rsfMRI   Boerwinkle 2017   2        .    
id*rsfMRI   Boerwinkle 2019   1       <.0001
id*rsfMRI   Boerwinkle 2019   2        .    
g008.sas: No 0 margins and n>=20, loglinear model (fixed effects)                             5
1. Log(odds ratio): 0                                         21:25 Thursday, September 7, 2023

The GENMOD Procedure

       Analysis Of Maximum Likelihood
            Parameter Estimates
 
Parameter                         Pr > ChiSq

id*rsfMRI   Chen 2017         1       0.0963
id*rsfMRI   Chen 2017         2        .    
id*rsfMRI   Khoo 2019         1       0.0004
id*rsfMRI   Khoo 2019         2        .    
id*rsfMRI   Lee 2014          1       0.1912
id*rsfMRI   Lee 2014          2        .    
id*rsfMRI   Reyes 2016        1        .    
id*rsfMRI   Reyes 2016        2        .    
compar      1                         0.0001
compar      2                          .    
id*compar   Bettus 2010       1       0.0005
id*compar   Bettus 2010       2        .    
id*compar   Boerwinkle 2017   1       0.2148
id*compar   Boerwinkle 2017   2        .    
id*compar   Boerwinkle 2019   1       <.0001
id*compar   Boerwinkle 2019   2        .    
id*compar   Chen 2017         1       0.4676
id*compar   Chen 2017         2        .    
id*compar   Khoo 2019         1       0.0002
id*compar   Khoo 2019         2        .    
id*compar   Lee 2014          1       0.8377
id*compar   Lee 2014          2        .    
id*compar   Reyes 2016        1        .    
id*compar   Reyes 2016        2        .    
Scale                                       

NOTE: The scale parameter was held fixed.
g008.sas: No 0 margins and n>=20, loglinear model (fixed effects)                             6
2. Log(odds ratio): 1                                         21:25 Thursday, September 7, 2023

The GENMOD Procedure

      Model Information

Data Set               WORK.A
Distribution          Poisson
Link Function             Log
Dependent Variable      count


Number of Observations Read          28
Number of Observations Used          28


                        Class Level Information
 
Class       Levels    Values

id               7    Bettus 2010 Boerwinkle 2017 Boerwinkle 2019 Chen  
                      2017 Khoo 2019 Lee 2014 Reyes 2016                
rsfMRI           2    1 2                                               
compar           2    1 2                                               


             Criteria For Assessing Goodness Of Fit
 
Criterion                     DF           Value        Value/DF

Deviance                       6         27.6083          4.6014
Scaled Deviance                6         27.6083          4.6014
Pearson Chi-Square             6         22.2452          3.7075
Scaled Pearson X2              6         22.2452          3.7075
Log Likelihood                          529.2997                
Full Log Likelihood                     -63.6898                
AIC (smaller is better)                 171.3797                
AICC (smaller is better)                373.7797                
BIC (smaller is better)                 200.6882                


Algorithm converged.                                                       


                   Analysis Of Maximum Likelihood Parameter Estimates
 
                                                 Standard       Wald 95%             Wald
Parameter                          DF  Estimate     Error   Confidence Limits  Chi-Square

Intercept                           1    3.3691    0.1840    3.0084    3.7297      335.20
id             Bettus 2010          1   -0.4763    0.2899   -1.0445    0.0919        2.70
id             Boerwinkle 2017      1   -0.0282    0.2621   -0.5420    0.4855        0.01
id             Boerwinkle 2019      1   -0.5983    0.2964   -1.1792   -0.0173        4.07

       Analysis Of Maximum Likelihood
             Parameter Estimates
 
Parameter                          Pr > ChiSq

Intercept                              <.0001
id             Bettus 2010             0.1004
id             Boerwinkle 2017         0.9142
id             Boerwinkle 2019         0.0435
g008.sas: No 0 margins and n>=20, loglinear model (fixed effects)                             7
2. Log(odds ratio): 1                                         21:25 Thursday, September 7, 2023

The GENMOD Procedure

                   Analysis Of Maximum Likelihood Parameter Estimates
 
                                                 Standard       Wald 95%             Wald
Parameter                          DF  Estimate     Error   Confidence Limits  Chi-Square

id             Chen 2017            1    0.0243    0.2573   -0.4801    0.5287        0.01
id             Khoo 2019            1   -0.5296    0.2928   -1.1035    0.0443        3.27
id             Lee 2014             1   -0.2863    0.2800   -0.8351    0.2626        1.04
id             Reyes 2016           0    0.0000    0.0000    0.0000    0.0000         .  
rsfMRI         1                    1   -2.7020    0.6373   -3.9510   -1.4530       17.98
rsfMRI         2                    0    0.0000    0.0000    0.0000    0.0000         .  
id*rsfMRI      Bettus 2010      1   1    1.1848    0.7282   -0.2425    2.6121        2.65
id*rsfMRI      Bettus 2010      2   0    0.0000    0.0000    0.0000    0.0000         .  
id*rsfMRI      Boerwinkle 2017  1   1   -0.9166    0.9882   -2.8534    1.0203        0.86
id*rsfMRI      Boerwinkle 2017  2   0    0.0000    0.0000    0.0000    0.0000         .  
id*rsfMRI      Boerwinkle 2019  1   1    1.8812    0.7020    0.5054    3.2571        7.18
id*rsfMRI      Boerwinkle 2019  2   0    0.0000    0.0000    0.0000    0.0000         .  
id*rsfMRI      Chen 2017        1   1    1.1387    0.7426   -0.3167    2.5942        2.35
id*rsfMRI      Chen 2017        2   0    0.0000    0.0000    0.0000    0.0000         .  
id*rsfMRI      Khoo 2019        1   1    1.6363    0.7152    0.2346    3.0381        5.23
id*rsfMRI      Khoo 2019        2   0    0.0000    0.0000    0.0000    0.0000         .  
id*rsfMRI      Lee 2014         1   1    1.0496    0.7977   -0.5139    2.6131        1.73
id*rsfMRI      Lee 2014         2   0    0.0000    0.0000    0.0000    0.0000         .  
id*rsfMRI      Reyes 2016       1   0    0.0000    0.0000    0.0000    0.0000         .  
id*rsfMRI      Reyes 2016       2   0    0.0000    0.0000    0.0000    0.0000         .  
compar         1                    1   -2.7020    0.6373   -3.9510   -1.4530       17.98
compar         2                    0    0.0000    0.0000    0.0000    0.0000         .  
id*compar      Bettus 2010      1   1    1.8834    0.7180    0.4762    3.2906        6.88
id*compar      Bettus 2010      2   0    0.0000    0.0000    0.0000    0.0000         .  
id*compar      Boerwinkle 2017  1   1    1.1117    0.7696   -0.3967    2.6201        2.09
id*compar      Boerwinkle 2017  2   0    0.0000    0.0000    0.0000    0.0000         .  
id*compar      Boerwinkle 2019  1   1    2.1316    0.7004    0.7589    3.5044        9.26
id*compar      Boerwinkle 2019  2   0    0.0000    0.0000    0.0000    0.0000         .  
id*compar      Chen 2017        1   1    0.1126    0.7945   -1.4446    1.6699        0.02
id*compar      Chen 2017        2   0    0.0000    0.0000    0.0000    0.0000         .  
id*compar      Khoo 2019        1   1    1.7931    0.7135    0.3946    3.1915        6.32
id*compar      Khoo 2019        2   0    0.0000    0.0000    0.0000    0.0000         .  
id*compar      Lee 2014         1   1   -0.2150    0.9079   -1.9943    1.5644        0.06
id*compar      Lee 2014         2   0    0.0000    0.0000    0.0000    0.0000         .  
id*compar      Reyes 2016       1   0    0.0000    0.0000    0.0000    0.0000         .  
id*compar      Reyes 2016       2   0    0.0000    0.0000    0.0000    0.0000         .  
rsfMRI*compar  1                1   1    2.0852    0.3189    1.4602    2.7102       42.76
rsfMRI*compar  1                2   0    0.0000    0.0000    0.0000    0.0000         .  
rsfMRI*compar  2                1   0    0.0000    0.0000    0.0000    0.0000         .  
rsfMRI*compar  2                2   0    0.0000    0.0000    0.0000    0.0000         .  
Scale                               0    1.0000    0.0000    1.0000    1.0000            

       Analysis Of Maximum Likelihood
             Parameter Estimates
 
Parameter                          Pr > ChiSq

id             Chen 2017               0.9248
id             Khoo 2019               0.0705
id             Lee 2014                0.3067
id             Reyes 2016               .    
rsfMRI         1                       <.0001
rsfMRI         2                        .    
id*rsfMRI      Bettus 2010      1      0.1037
id*rsfMRI      Bettus 2010      2       .    
g008.sas: No 0 margins and n>=20, loglinear model (fixed effects)                             8
2. Log(odds ratio): 1                                         21:25 Thursday, September 7, 2023

The GENMOD Procedure

       Analysis Of Maximum Likelihood
             Parameter Estimates
 
Parameter                          Pr > ChiSq

id*rsfMRI      Boerwinkle 2017  1      0.3537
id*rsfMRI      Boerwinkle 2017  2       .    
id*rsfMRI      Boerwinkle 2019  1      0.0074
id*rsfMRI      Boerwinkle 2019  2       .    
id*rsfMRI      Chen 2017        1      0.1252
id*rsfMRI      Chen 2017        2       .    
id*rsfMRI      Khoo 2019        1      0.0221
id*rsfMRI      Khoo 2019        2       .    
id*rsfMRI      Lee 2014         1      0.1883
id*rsfMRI      Lee 2014         2       .    
id*rsfMRI      Reyes 2016       1       .    
id*rsfMRI      Reyes 2016       2       .    
compar         1                       <.0001
compar         2                        .    
id*compar      Bettus 2010      1      0.0087
id*compar      Bettus 2010      2       .    
id*compar      Boerwinkle 2017  1      0.1486
id*compar      Boerwinkle 2017  2       .    
id*compar      Boerwinkle 2019  1      0.0023
id*compar      Boerwinkle 2019  2       .    
id*compar      Chen 2017        1      0.8873
id*compar      Chen 2017        2       .    
id*compar      Khoo 2019        1      0.0120
id*compar      Khoo 2019        2       .    
id*compar      Lee 2014         1      0.8128
id*compar      Lee 2014         2       .    
id*compar      Reyes 2016       1       .    
id*compar      Reyes 2016       2       .    
rsfMRI*compar  1                1      <.0001
rsfMRI*compar  1                2       .    
rsfMRI*compar  2                1       .    
rsfMRI*compar  2                2       .    
Scale                                        

NOTE: The scale parameter was held fixed.
g008.sas: No 0 margins and n>=20, loglinear model (fixed effects)                             9
3. Log(odds ratio): 1+modality                                21:25 Thursday, September 7, 2023

The GENMOD Procedure

      Model Information

Data Set               WORK.A
Distribution          Poisson
Link Function             Log
Dependent Variable      count


Number of Observations Read          28
Number of Observations Used          28


                         Class Level Information
 
Class         Levels    Values

id                 7    Bettus 2010 Boerwinkle 2017 Boerwinkle 2019 Chen  
                        2017 Khoo 2019 Lee 2014 Reyes 2016                
rsfMRI             2    1 2                                               
compar             2    1 2                                               
modality           4    0 1 3 4                                           


             Criteria For Assessing Goodness Of Fit
 
Criterion                     DF           Value        Value/DF

Deviance                       3         14.5974          4.8658
Scaled Deviance                3         14.5974          4.8658
Pearson Chi-Square             3         23.5714          7.8571
Scaled Pearson X2              3         23.5714          7.8571
Log Likelihood                          535.8051                
Full Log Likelihood                     -57.1844                
AIC (smaller is better)                 164.3688                
AICC (smaller is better)                814.3688                
BIC (smaller is better)                 197.6739                


Algorithm converged.                                                       


                      Analysis Of Maximum Likelihood Parameter Estimates
 
                                                                 Standard   Wald 95% Confidence
Parameter                                        DF   Estimate      Error          Limits

Intercept                                         1     3.3514     0.1861     2.9866     3.7162
id                     Bettus 2010                1    -0.6133     0.3107    -1.2222    -0.0045
id                     Boerwinkle 2017            1     0.0094     0.2630    -0.5060     0.5249

           Analysis Of Maximum Likelihood Parameter Estimates
 
                                                       Wald
Parameter                                        Chi-Square    Pr > ChiSq

Intercept                                            324.27        <.0001
id                     Bettus 2010                     3.90        0.0483
id                     Boerwinkle 2017                 0.00        0.9714
g008.sas: No 0 margins and n>=20, loglinear model (fixed effects)                            10
3. Log(odds ratio): 1+modality                                21:25 Thursday, September 7, 2023

The GENMOD Procedure

                      Analysis Of Maximum Likelihood Parameter Estimates
 
                                                                 Standard   Wald 95% Confidence
Parameter                                        DF   Estimate      Error          Limits

id                     Boerwinkle 2019            1    -0.3464     0.2895    -0.9138     0.2210
id                     Chen 2017                  1     0.0498     0.2607    -0.4612     0.5608
id                     Khoo 2019                  1    -0.6068     0.3112    -1.2166     0.0031
id                     Lee 2014                   1    -0.2861     0.2832    -0.8411     0.2689
id                     Reyes 2016                 0     0.0000     0.0000     0.0000     0.0000
rsfMRI                 1                          1    -2.4525     0.6155    -3.6588    -1.2462
rsfMRI                 2                          0     0.0000     0.0000     0.0000     0.0000
id*rsfMRI              Bettus 2010       1        1     1.5928     0.7203     0.1811     3.0045
id*rsfMRI              Bettus 2010       2        0     0.0000     0.0000     0.0000     0.0000
id*rsfMRI              Boerwinkle 2017   1        1    -2.5865     1.2167    -4.9713    -0.2017
id*rsfMRI              Boerwinkle 2017   2        0     0.0000     0.0000     0.0000     0.0000
id*rsfMRI              Boerwinkle 2019   1        1     0.4818     0.8715    -1.2264     2.1900
id*rsfMRI              Boerwinkle 2019   2        0     0.0000     0.0000     0.0000     0.0000
id*rsfMRI              Chen 2017         1        1     0.8430     0.7608    -0.6481     2.3341
id*rsfMRI              Chen 2017         2        0     0.0000     0.0000     0.0000     0.0000
id*rsfMRI              Khoo 2019         1        1     1.7149     0.7466     0.2515     3.1783
id*rsfMRI              Khoo 2019         2        0     0.0000     0.0000     0.0000     0.0000
id*rsfMRI              Lee 2014          1        1     0.9042     0.7804    -0.6253     2.4337
id*rsfMRI              Lee 2014          2        0     0.0000     0.0000     0.0000     0.0000
id*rsfMRI              Reyes 2016        1        0     0.0000     0.0000     0.0000     0.0000
id*rsfMRI              Reyes 2016        2        0     0.0000     0.0000     0.0000     0.0000
compar                 1                          1    -2.4525     0.6155    -3.6588    -1.2462
compar                 2                          0     0.0000     0.0000     0.0000     0.0000
id*compar              Bettus 2010       1        1     2.0699     0.6960     0.7056     3.4341
id*compar              Bettus 2010       2        0     0.0000     0.0000     0.0000     0.0000
id*compar              Boerwinkle 2017   1        1     0.7377     0.7737    -0.7788     2.2542
id*compar              Boerwinkle 2017   2        0     0.0000     0.0000     0.0000     0.0000
id*compar              Boerwinkle 2019   1        1     1.0188     0.7914    -0.5323     2.5699
id*compar              Boerwinkle 2019   2        0     0.0000     0.0000     0.0000     0.0000
id*compar              Chen 2017         1        1    -0.2556     0.9551    -2.1275     1.6163
id*compar              Chen 2017         2        0     0.0000     0.0000     0.0000     0.0000
id*compar              Khoo 2019         1        1     1.8410     0.7380     0.3945     3.2874
id*compar              Khoo 2019         2        0     0.0000     0.0000     0.0000     0.0000
id*compar              Lee 2014          1        1    -0.1690     0.9095    -1.9517     1.6136
id*compar              Lee 2014          2        0     0.0000     0.0000     0.0000     0.0000
id*compar              Reyes 2016        1        0     0.0000     0.0000     0.0000     0.0000
id*compar              Reyes 2016        2        0     0.0000     0.0000     0.0000     0.0000
rsfMRI*compar          1                 1        1     3.9880     0.7615     2.4955     5.4805
rsfMRI*compar          1                 2        0     0.0000     0.0000     0.0000     0.0000
rsfMRI*compar          2                 1        0     0.0000     0.0000     0.0000     0.0000
rsfMRI*compar          2                 2        0     0.0000     0.0000     0.0000     0.0000
modality               0                          0     0.0000     0.0000     0.0000     0.0000
modality               1                          0     0.0000     0.0000     0.0000     0.0000
modality               3                          0     0.0000     0.0000     0.0000     0.0000
modality               4                          0     0.0000     0.0000     0.0000     0.0000
rsfMRI*modality        1                 0        0     0.0000     0.0000     0.0000     0.0000
rsfMRI*modality        1                 1        0     0.0000     0.0000     0.0000     0.0000
rsfMRI*modality        1                 3        0     0.0000     0.0000     0.0000     0.0000
rsfMRI*modality        1                 4        0     0.0000     0.0000     0.0000     0.0000
rsfMRI*modality        2                 0        0     0.0000     0.0000     0.0000     0.0000
rsfMRI*modality        2                 1        0     0.0000     0.0000     0.0000     0.0000
rsfMRI*modality        2                 3        0     0.0000     0.0000     0.0000     0.0000
rsfMRI*modality        2                 4        0     0.0000     0.0000     0.0000     0.0000
compar*modality        1                 0        0     0.0000     0.0000     0.0000     0.0000
compar*modality        1                 1        0     0.0000     0.0000     0.0000     0.0000
g008.sas: No 0 margins and n>=20, loglinear model (fixed effects)                            11
3. Log(odds ratio): 1+modality                                21:25 Thursday, September 7, 2023

The GENMOD Procedure

           Analysis Of Maximum Likelihood Parameter Estimates
 
                                                       Wald
Parameter                                        Chi-Square    Pr > ChiSq

id                     Boerwinkle 2019                 1.43        0.2315
id                     Chen 2017                       0.04        0.8486
id                     Khoo 2019                       3.80        0.0512
id                     Lee 2014                        1.02        0.3123
id                     Reyes 2016                       .           .    
rsfMRI                 1                              15.88        <.0001
rsfMRI                 2                                .           .    
id*rsfMRI              Bettus 2010       1             4.89        0.0270
id*rsfMRI              Bettus 2010       2              .           .    
id*rsfMRI              Boerwinkle 2017   1             4.52        0.0335
id*rsfMRI              Boerwinkle 2017   2              .           .    
id*rsfMRI              Boerwinkle 2019   1             0.31        0.5804
id*rsfMRI              Boerwinkle 2019   2              .           .    
id*rsfMRI              Chen 2017         1             1.23        0.2678
id*rsfMRI              Chen 2017         2              .           .    
id*rsfMRI              Khoo 2019         1             5.28        0.0216
id*rsfMRI              Khoo 2019         2              .           .    
id*rsfMRI              Lee 2014          1             1.34        0.2466
id*rsfMRI              Lee 2014          2              .           .    
id*rsfMRI              Reyes 2016        1              .           .    
id*rsfMRI              Reyes 2016        2              .           .    
compar                 1                              15.88        <.0001
compar                 2                                .           .    
id*compar              Bettus 2010       1             8.84        0.0029
id*compar              Bettus 2010       2              .           .    
id*compar              Boerwinkle 2017   1             0.91        0.3404
id*compar              Boerwinkle 2017   2              .           .    
id*compar              Boerwinkle 2019   1             1.66        0.1980
id*compar              Boerwinkle 2019   2              .           .    
id*compar              Chen 2017         1             0.07        0.7890
id*compar              Chen 2017         2              .           .    
id*compar              Khoo 2019         1             6.22        0.0126
id*compar              Khoo 2019         2              .           .    
id*compar              Lee 2014          1             0.03        0.8526
id*compar              Lee 2014          2              .           .    
id*compar              Reyes 2016        1              .           .    
id*compar              Reyes 2016        2              .           .    
rsfMRI*compar          1                 1            27.43        <.0001
rsfMRI*compar          1                 2              .           .    
rsfMRI*compar          2                 1              .           .    
rsfMRI*compar          2                 2              .           .    
modality               0                                .           .    
modality               1                                .           .    
modality               3                                .           .    
modality               4                                .           .    
rsfMRI*modality        1                 0              .           .    
rsfMRI*modality        1                 1              .           .    
rsfMRI*modality        1                 3              .           .    
rsfMRI*modality        1                 4              .           .    
rsfMRI*modality        2                 0              .           .    
rsfMRI*modality        2                 1              .           .    
rsfMRI*modality        2                 3              .           .    
rsfMRI*modality        2                 4              .           .    
compar*modality        1                 0              .           .    
compar*modality        1                 1              .           .    
g008.sas: No 0 margins and n>=20, loglinear model (fixed effects)                            12
3. Log(odds ratio): 1+modality                                21:25 Thursday, September 7, 2023

The GENMOD Procedure

                      Analysis Of Maximum Likelihood Parameter Estimates
 
                                                                 Standard   Wald 95% Confidence
Parameter                                        DF   Estimate      Error          Limits

compar*modality        1                 3        0     0.0000     0.0000     0.0000     0.0000
compar*modality        1                 4        0     0.0000     0.0000     0.0000     0.0000
compar*modality        2                 0        0     0.0000     0.0000     0.0000     0.0000
compar*modality        2                 1        0     0.0000     0.0000     0.0000     0.0000
compar*modality        2                 3        0     0.0000     0.0000     0.0000     0.0000
compar*modality        2                 4        0     0.0000     0.0000     0.0000     0.0000
rsfMRI*compar*modali   1                 1   0    1    -1.6854     1.2369    -4.1096     0.7388
rsfMRI*compar*modali   1                 1   1    1    -3.0452     0.9632    -4.9331    -1.1573
rsfMRI*compar*modali   1                 1   3    1    -2.5180     0.9397    -4.3598    -0.6762
rsfMRI*compar*modali   1                 1   4    0     0.0000     0.0000     0.0000     0.0000
rsfMRI*compar*modali   1                 2   0    0     0.0000     0.0000     0.0000     0.0000
rsfMRI*compar*modali   1                 2   1    0     0.0000     0.0000     0.0000     0.0000
rsfMRI*compar*modali   1                 2   3    0     0.0000     0.0000     0.0000     0.0000
rsfMRI*compar*modali   1                 2   4    0     0.0000     0.0000     0.0000     0.0000
rsfMRI*compar*modali   2                 1   0    0     0.0000     0.0000     0.0000     0.0000
rsfMRI*compar*modali   2                 1   1    0     0.0000     0.0000     0.0000     0.0000
rsfMRI*compar*modali   2                 1   3    0     0.0000     0.0000     0.0000     0.0000
rsfMRI*compar*modali   2                 1   4    0     0.0000     0.0000     0.0000     0.0000
rsfMRI*compar*modali   2                 2   0    0     0.0000     0.0000     0.0000     0.0000
rsfMRI*compar*modali   2                 2   1    0     0.0000     0.0000     0.0000     0.0000
rsfMRI*compar*modali   2                 2   3    0     0.0000     0.0000     0.0000     0.0000
rsfMRI*compar*modali   2                 2   4    0     0.0000     0.0000     0.0000     0.0000
Scale                                             0     1.0000     0.0000     1.0000     1.0000

           Analysis Of Maximum Likelihood Parameter Estimates
 
                                                       Wald
Parameter                                        Chi-Square    Pr > ChiSq

compar*modality        1                 3              .           .    
compar*modality        1                 4              .           .    
compar*modality        2                 0              .           .    
compar*modality        2                 1              .           .    
compar*modality        2                 3              .           .    
compar*modality        2                 4              .           .    
rsfMRI*compar*modali   1                 1   0         1.86        0.1730
rsfMRI*compar*modali   1                 1   1         9.99        0.0016
rsfMRI*compar*modali   1                 1   3         7.18        0.0074
rsfMRI*compar*modali   1                 1   4          .           .    
rsfMRI*compar*modali   1                 2   0          .           .    
rsfMRI*compar*modali   1                 2   1          .           .    
rsfMRI*compar*modali   1                 2   3          .           .    
rsfMRI*compar*modali   1                 2   4          .           .    
rsfMRI*compar*modali   2                 1   0          .           .    
rsfMRI*compar*modali   2                 1   1          .           .    
rsfMRI*compar*modali   2                 1   3          .           .    
rsfMRI*compar*modali   2                 1   4          .           .    
rsfMRI*compar*modali   2                 2   0          .           .    
rsfMRI*compar*modali   2                 2   1          .           .    
rsfMRI*compar*modali   2                 2   3          .           .    
rsfMRI*compar*modali   2                 2   4          .           .    
Scale                                                                    

NOTE: The scale parameter was held fixed.
g008.sas: No 0 margins and n>=20, loglinear model (fixed effects)                            13
4. Log(odds ratio): 1+id                                      21:25 Thursday, September 7, 2023

The GENMOD Procedure

      Model Information

Data Set               WORK.A
Distribution          Poisson
Link Function             Log
Dependent Variable      count


Number of Observations Read          28
Number of Observations Used          28


                         Class Level Information
 
Class         Levels    Values

id                 7    Bettus 2010 Boerwinkle 2017 Boerwinkle 2019 Chen  
                        2017 Khoo 2019 Lee 2014 Reyes 2016                
rsfMRI             2    1 2                                               
compar             2    1 2                                               
modality           4    0 1 3 4                                           


             Criteria For Assessing Goodness Of Fit
 
Criterion                     DF           Value        Value/DF

Deviance                       0          0.0000           .    
Scaled Deviance                0          0.0000           .    
Pearson Chi-Square             .          0.0000           .    
Scaled Pearson X2              .          0.0000           .    
Log Likelihood                          543.1038                
Full Log Likelihood                     -49.8857                
AIC (smaller is better)                 155.7714                
AICC (smaller is better)                   .                    
BIC (smaller is better)                 193.0731                


Algorithm converged.                                                       


                      Analysis Of Maximum Likelihood Parameter Estimates
 
                                                       Standard       Wald 95%             Wald
Parameter                                DF  Estimate     Error   Confidence Limits  Chi-Square

Intercept                                 1    3.3322    0.1890    2.9618    3.7026      310.90
id                Bettus 2010             1   -0.5596    0.3134   -1.1739    0.0546        3.19
id                Boerwinkle 2017         1   -0.0364    0.2697   -0.5650    0.4923        0.02

 
Analysis Of Maximum Likelihood Parameter Estimates
 
Parameter                                Pr > ChiSq

Intercept                                    <.0001
id                Bettus 2010                0.0742
id                Boerwinkle 2017            0.8927
g008.sas: No 0 margins and n>=20, loglinear model (fixed effects)                            14
4. Log(odds ratio): 1+id                                      21:25 Thursday, September 7, 2023

The GENMOD Procedure

                      Analysis Of Maximum Likelihood Parameter Estimates
 
                                                       Standard       Wald 95%             Wald
Parameter                                DF  Estimate     Error   Confidence Limits  Chi-Square

id                Boerwinkle 2019         1   -0.2412    0.2849   -0.7996    0.3172        0.72
id                Chen 2017               1    0.0690    0.2628   -0.4460    0.5840        0.07
id                Khoo 2019               1   -0.5596    0.3134   -1.1739    0.0546        3.19
id                Lee 2014                1   -0.2877    0.2887   -0.8535    0.2781        0.99
id                Reyes 2016              0    0.0000    0.0000    0.0000    0.0000         .  
rsfMRI            1                       1   -2.2336    0.6075   -3.4243   -1.0429       13.52
rsfMRI            2                       0    0.0000    0.0000    0.0000    0.0000         .  
id*rsfMRI         Bettus 2010      1      1    1.2528    0.7734   -0.2632    2.7687        2.62
id*rsfMRI         Bettus 2010      2      0    0.0000    0.0000    0.0000    0.0000         .  
id*rsfMRI         Boerwinkle 2017  1      1   -0.3691    0.9519   -2.2348    1.4966        0.15
id*rsfMRI         Boerwinkle 2017  2      0    0.0000    0.0000    0.0000    0.0000         .  
id*rsfMRI         Boerwinkle 2019  1      1   -0.8575    1.1893   -3.1885    1.4736        0.52
id*rsfMRI         Boerwinkle 2019  2      0    0.0000    0.0000    0.0000    0.0000         .  
id*rsfMRI         Chen 2017        1      1    0.6242    0.7544   -0.8543    2.1027        0.68
id*rsfMRI         Chen 2017        2      0    0.0000    0.0000    0.0000    0.0000         .  
id*rsfMRI         Khoo 2019        1      1    1.4069    0.7579   -0.0785    2.8924        3.45
id*rsfMRI         Khoo 2019        2      0    0.0000    0.0000    0.0000    0.0000         .  
id*rsfMRI         Lee 2014         1      1    0.7985    0.7853   -0.7406    2.3376        1.03
id*rsfMRI         Lee 2014         2      0    0.0000    0.0000    0.0000    0.0000         .  
id*rsfMRI         Reyes 2016       1      0    0.0000    0.0000    0.0000    0.0000         .  
id*rsfMRI         Reyes 2016       2      0    0.0000    0.0000    0.0000    0.0000         .  
compar            1                       1   -2.2336    0.6075   -3.4243   -1.0429       13.52
compar            2                       0    0.0000    0.0000    0.0000    0.0000         .  
id*compar         Bettus 2010      1      1    1.7636    0.7291    0.3346    3.1925        5.85
id*compar         Bettus 2010      2      0    0.0000    0.0000    0.0000    0.0000         .  
id*compar         Boerwinkle 2017  1      1    0.8837    0.7409   -0.5685    2.3358        1.42
id*compar         Boerwinkle 2017  2      0    0.0000    0.0000    0.0000    0.0000         .  
id*compar         Boerwinkle 2019  1      1    0.2412    0.8648   -1.4538    1.9361        0.08
id*compar         Boerwinkle 2019  2      0    0.0000    0.0000    0.0000    0.0000         .  
id*compar         Chen 2017        1      1   -0.4745    0.9499   -2.3363    1.3874        0.25
id*compar         Chen 2017        2      0    0.0000    0.0000    0.0000    0.0000         .  
id*compar         Khoo 2019        1      1    1.5404    0.7460    0.0783    3.0026        4.26
id*compar         Khoo 2019        2      0    0.0000    0.0000    0.0000    0.0000         .  
id*compar         Lee 2014         1      1   -0.1178    0.9574   -1.9943    1.7587        0.02
id*compar         Lee 2014         2      0    0.0000    0.0000    0.0000    0.0000         .  
id*compar         Reyes 2016       1      0    0.0000    0.0000    0.0000    0.0000         .  
id*compar         Reyes 2016       2      0    0.0000    0.0000    0.0000    0.0000         .  
rsfMRI*compar     1                1      1  -20.5582    1.3220  -23.1492  -17.9671      241.84
rsfMRI*compar     1                2      0    0.0000    0.0000    0.0000    0.0000         .  
rsfMRI*compar     2                1      0    0.0000    0.0000    0.0000    0.0000         .  
rsfMRI*compar     2                2      0    0.0000    0.0000    0.0000    0.0000         .  
id*rsfMRI*compar  Bettus 2010      1  1   1   21.7213    1.4697   18.8407   24.6019      218.42
id*rsfMRI*compar  Bettus 2010      1  2   0    0.0000    0.0000    0.0000    0.0000         .  
id*rsfMRI*compar  Bettus 2010      2  1   0    0.0000    0.0000    0.0000    0.0000         .  
id*rsfMRI*compar  Bettus 2010      2  2   0    0.0000    0.0000    0.0000    0.0000         .  
id*rsfMRI*compar  Boerwinkle 2017  1  1   1   -0.4782  51357.88   -100660  100659.1        0.00
id*rsfMRI*compar  Boerwinkle 2017  1  2   0    0.0000    0.0000    0.0000    0.0000         .  
id*rsfMRI*compar  Boerwinkle 2017  2  1   0    0.0000    0.0000    0.0000    0.0000         .  
id*rsfMRI*compar  Boerwinkle 2017  2  2   0    0.0000    0.0000    0.0000    0.0000         .  
id*rsfMRI*compar  Boerwinkle 2019  1  1   1   26.1882    1.7756   22.7081   29.6683      217.53
id*rsfMRI*compar  Boerwinkle 2019  1  2   0    0.0000    0.0000    0.0000    0.0000         .  
id*rsfMRI*compar  Boerwinkle 2019  2  1   0    0.0000    0.0000    0.0000    0.0000         .  
id*rsfMRI*compar  Boerwinkle 2019  2  2   0    0.0000    0.0000    0.0000    0.0000         .  
id*rsfMRI*compar  Chen 2017        1  1   1   22.8607    1.6424   19.6416   26.0799      193.73
id*rsfMRI*compar  Chen 2017        1  2   0    0.0000    0.0000    0.0000    0.0000         .  
g008.sas: No 0 margins and n>=20, loglinear model (fixed effects)                            15
4. Log(odds ratio): 1+id                                      21:25 Thursday, September 7, 2023

The GENMOD Procedure

 
Analysis Of Maximum Likelihood Parameter Estimates
 
Parameter                                Pr > ChiSq

id                Boerwinkle 2019            0.3973
id                Chen 2017                  0.7929
id                Khoo 2019                  0.0742
id                Lee 2014                   0.3190
id                Reyes 2016                  .    
rsfMRI            1                          0.0002
rsfMRI            2                           .    
id*rsfMRI         Bettus 2010      1         0.1053
id*rsfMRI         Bettus 2010      2          .    
id*rsfMRI         Boerwinkle 2017  1         0.6982
id*rsfMRI         Boerwinkle 2017  2          .    
id*rsfMRI         Boerwinkle 2019  1         0.4709
id*rsfMRI         Boerwinkle 2019  2          .    
id*rsfMRI         Chen 2017        1         0.4080
id*rsfMRI         Chen 2017        2          .    
id*rsfMRI         Khoo 2019        1         0.0634
id*rsfMRI         Khoo 2019        2          .    
id*rsfMRI         Lee 2014         1         0.3092
id*rsfMRI         Lee 2014         2          .    
id*rsfMRI         Reyes 2016       1          .    
id*rsfMRI         Reyes 2016       2          .    
compar            1                          0.0002
compar            2                           .    
id*compar         Bettus 2010      1         0.0156
id*compar         Bettus 2010      2          .    
id*compar         Boerwinkle 2017  1         0.2330
id*compar         Boerwinkle 2017  2          .    
id*compar         Boerwinkle 2019  1         0.7803
id*compar         Boerwinkle 2019  2          .    
id*compar         Chen 2017        1         0.6175
id*compar         Chen 2017        2          .    
id*compar         Khoo 2019        1         0.0389
id*compar         Khoo 2019        2          .    
id*compar         Lee 2014         1         0.9021
id*compar         Lee 2014         2          .    
id*compar         Reyes 2016       1          .    
id*compar         Reyes 2016       2          .    
rsfMRI*compar     1                1         <.0001
rsfMRI*compar     1                2          .    
rsfMRI*compar     2                1          .    
rsfMRI*compar     2                2          .    
id*rsfMRI*compar  Bettus 2010      1  1      <.0001
id*rsfMRI*compar  Bettus 2010      1  2       .    
id*rsfMRI*compar  Bettus 2010      2  1       .    
id*rsfMRI*compar  Bettus 2010      2  2       .    
id*rsfMRI*compar  Boerwinkle 2017  1  1      1.0000
id*rsfMRI*compar  Boerwinkle 2017  1  2       .    
id*rsfMRI*compar  Boerwinkle 2017  2  1       .    
id*rsfMRI*compar  Boerwinkle 2017  2  2       .    
id*rsfMRI*compar  Boerwinkle 2019  1  1      <.0001
id*rsfMRI*compar  Boerwinkle 2019  1  2       .    
id*rsfMRI*compar  Boerwinkle 2019  2  1       .    
id*rsfMRI*compar  Boerwinkle 2019  2  2       .    
id*rsfMRI*compar  Chen 2017        1  1      <.0001
id*rsfMRI*compar  Chen 2017        1  2       .    
g008.sas: No 0 margins and n>=20, loglinear model (fixed effects)                            16
4. Log(odds ratio): 1+id                                      21:25 Thursday, September 7, 2023

The GENMOD Procedure

                      Analysis Of Maximum Likelihood Parameter Estimates
 
                                                       Standard       Wald 95%             Wald
Parameter                                DF  Estimate     Error   Confidence Limits  Chi-Square

id*rsfMRI*compar  Chen 2017        2  1   0    0.0000    0.0000    0.0000    0.0000         .  
id*rsfMRI*compar  Chen 2017        2  2   0    0.0000    0.0000    0.0000    0.0000         .  
id*rsfMRI*compar  Khoo 2019        1  1   1   22.1958    1.4607   19.3329   25.0586      230.91
id*rsfMRI*compar  Khoo 2019        1  2   0    0.0000    0.0000    0.0000    0.0000         .  
id*rsfMRI*compar  Khoo 2019        2  1   0    0.0000    0.0000    0.0000    0.0000         .  
id*rsfMRI*compar  Khoo 2019        2  2   0    0.0000    0.0000    0.0000    0.0000         .  
id*rsfMRI*compar  Lee 2014         1  1   0   21.3001    0.0000   21.3001   21.3001         .  
id*rsfMRI*compar  Lee 2014         1  2   0    0.0000    0.0000    0.0000    0.0000         .  
id*rsfMRI*compar  Lee 2014         2  1   0    0.0000    0.0000    0.0000    0.0000         .  
id*rsfMRI*compar  Lee 2014         2  2   0    0.0000    0.0000    0.0000    0.0000         .  
id*rsfMRI*compar  Reyes 2016       1  1   0    0.0000    0.0000    0.0000    0.0000         .  
id*rsfMRI*compar  Reyes 2016       1  2   0    0.0000    0.0000    0.0000    0.0000         .  
id*rsfMRI*compar  Reyes 2016       2  1   0    0.0000    0.0000    0.0000    0.0000         .  
id*rsfMRI*compar  Reyes 2016       2  2   0    0.0000    0.0000    0.0000    0.0000         .  
Scale                                     0    1.0000    0.0000    1.0000    1.0000            

 
Analysis Of Maximum Likelihood Parameter Estimates
 
Parameter                                Pr > ChiSq

id*rsfMRI*compar  Chen 2017        2  1       .    
id*rsfMRI*compar  Chen 2017        2  2       .    
id*rsfMRI*compar  Khoo 2019        1  1      <.0001
id*rsfMRI*compar  Khoo 2019        1  2       .    
id*rsfMRI*compar  Khoo 2019        2  1       .    
id*rsfMRI*compar  Khoo 2019        2  2       .    
id*rsfMRI*compar  Lee 2014         1  1       .    
id*rsfMRI*compar  Lee 2014         1  2       .    
id*rsfMRI*compar  Lee 2014         2  1       .    
id*rsfMRI*compar  Lee 2014         2  2       .    
id*rsfMRI*compar  Reyes 2016       1  1       .    
id*rsfMRI*compar  Reyes 2016       1  2       .    
id*rsfMRI*compar  Reyes 2016       2  1       .    
id*rsfMRI*compar  Reyes 2016       2  2       .    
Scale                                              

NOTE: The scale parameter was held fixed.
